<?xml version="1.0" encoding="UTF-8"?>
<!-- Generated by org.testng.reporters.JUnitXMLReporter -->
<testsuite ignored="7" hostname="LAPTOP-L326B3C6" failures="0" tests="1" name="Default test" time="65.813" errors="0" timestamp="2024-07-19T15:49:32 IST">
  <testcase classname="Tests.LoginTexts" name="EmployeeList" time="60.549"/>
  <testcase classname="Tests.LoginTexts" name="fileUploadTest" time="0.0">
    <ignored/>
  </testcase> <!-- fileUploadTest -->
  <testcase classname="Tests.LoginTexts" name="searchEmployeeByName" time="0.0">
    <ignored/>
  </testcase> <!-- searchEmployeeByName -->
  <testcase classname="Tests.LoginTexts" name="loginTestWithInvalidCredentials" time="0.0">
    <ignored/>
  </testcase> <!-- loginTestWithInvalidCredentials -->
  <testcase classname="Tests.LoginTexts" name="searchEmployeeById" time="0.0">
    <ignored/>
  </testcase> <!-- searchEmployeeById -->
  <testcase classname="Tests.LoginTexts" name="imageUploadTest" time="0.0">
    <ignored/>
  </testcase> <!-- imageUploadTest -->
  <testcase classname="Tests.LoginTexts" name="DeleteEmployeeInfo" time="0.0">
    <ignored/>
  </testcase> <!-- DeleteEmployeeInfo -->
  <testcase classname="Tests.LoginTexts" name="addEmployee" time="0.0">
    <ignored/>
  </testcase> <!-- addEmployee -->
</testsuite> <!-- Default test -->
