<?xml version="1.0" encoding="UTF-8"?>
<testng-results ignored="7" total="8" passed="1" failed="0" skipped="0">
  <reporter-output>
  </reporter-output>
  <suite started-at="2024-07-19T15:48:27 IST" name="Default suite" finished-at="2024-07-19T15:49:32 IST" duration-ms="65813">
    <groups>
    </groups>
    <test started-at="2024-07-19T15:48:27 IST" name="Default test" finished-at="2024-07-19T15:49:32 IST" duration-ms="65813">
      <class name="Tests.LoginTexts">
        <test-method is-config="true" signature="setup()[pri:0, instance:Tests.LoginTexts@6e9175d8]" started-at="2024-07-19T15:48:27 IST" name="setup" finished-at="2024-07-19T15:48:31 IST" duration-ms="4696" status="PASS">
          <reporter-output>
          </reporter-output>
        </test-method> <!-- setup -->
        <test-method signature="EmployeeList()[pri:8, instance:Tests.LoginTexts@6e9175d8]" started-at="2024-07-19T15:48:31 IST" name="EmployeeList" finished-at="2024-07-19T15:49:32 IST" duration-ms="60549" status="PASS">
          <reporter-output>
          </reporter-output>
        </test-method> <!-- EmployeeList -->
        <test-method is-config="true" signature="tearDown()[pri:0, instance:Tests.LoginTexts@6e9175d8]" started-at="2024-07-19T15:49:32 IST" name="tearDown" finished-at="2024-07-19T15:49:32 IST" duration-ms="487" status="PASS">
          <reporter-output>
          </reporter-output>
        </test-method> <!-- tearDown -->
      </class> <!-- Tests.LoginTexts -->
    </test> <!-- Default test -->
  </suite> <!-- Default suite -->
</testng-results>
